<?xml version="1.0" encoding="UTF-8"?>
<!-- Generated by org.testng.reporters.JUnitReportReporter -->
<testsuite skipped="0" hostname="DESKTOP-2C5JRB1" name="tests.EaAppLoginTest" tests="4" failures="0" timestamp="24 Nov 2019 16:52:02 GMT" time="9.148" errors="0">
  <testcase name="InvalidLoginEA" time="3.343" classname="tests.EaAppLoginTest"/>
  <testcase name="InvalidLoginEA" time="3.452" classname="tests.EaAppLoginTest"/>
  <testcase name="LoginClick" time="0.755" classname="tests.EaAppLoginTest"/>
  <testcase name="InvalidLoginEA" time="1.598" classname="tests.EaAppLoginTest"/>
</testsuite> <!-- tests.EaAppLoginTest -->
