<?xml version="1.0" encoding="UTF-8"?>
<!-- Generated by org.testng.reporters.JUnitReportReporter -->
<testsuite skipped="0" hostname="DESKTOP-2C5JRB1" name="com.technoctaftAutomation.app.AppTest" tests="1" failures="0" timestamp="24 Nov 2019 16:52:02 GMT" time="0.001" errors="0">
  <testcase name="testApp" time="0.001" classname="com.technoctaftAutomation.app.AppTest"/>
</testsuite> <!-- com.technoctaftAutomation.app.AppTest -->
